<?xml version="1.0" encoding="UTF-8"?>
<testng-results skipped="0" failed="0" total="1" passed="1">
  <reporter-output>
  </reporter-output>
  <suite name="Suite" duration-ms="37" started-at="2019-02-19T01:18:24Z" finished-at="2019-02-19T01:18:24Z">
    <groups>
    </groups>
    <test name="Test" duration-ms="37" started-at="2019-02-19T01:18:24Z" finished-at="2019-02-19T01:18:24Z">
      <class name="com.bawei.auto.NewTest">
        <test-method status="PASS" signature="beforeClass()[pri:0, instance:com.bawei.auto.NewTest@51565ec2]" name="beforeClass" is-config="true" duration-ms="13" started-at="2019-02-19T09:18:24Z" finished-at="2019-02-19T09:18:24Z">
          <reporter-output>
          </reporter-output>
        </test-method> <!-- beforeClass -->
        <test-method status="PASS" signature="f()[pri:0, instance:com.bawei.auto.NewTest@51565ec2]" name="f" duration-ms="6" started-at="2019-02-19T09:18:24Z" finished-at="2019-02-19T09:18:24Z">
          <reporter-output>
          </reporter-output>
        </test-method> <!-- f -->
      </class> <!-- com.bawei.auto.NewTest -->
    </test> <!-- Test -->
  </suite> <!-- Suite -->
</testng-results>
